  Source.cpp
c:\users\administrador\desktop\desjv1-pongv2_noya\pongv2\source.cpp(35): warning C4244: 'función': conversión de 'float' a 'int'; posible pérdida de datos
c:\users\administrador\desktop\desjv1-pongv2_noya\pongv2\source.cpp(36): warning C4244: 'función': conversión de 'float' a 'int'; posible pérdida de datos
c:\users\administrador\desktop\desjv1-pongv2_noya\pongv2\source.cpp(71): warning C4244: '=': conversión de 'int' a 'float'; posible pérdida de datos
c:\users\administrador\desktop\desjv1-pongv2_noya\pongv2\source.cpp(72): warning C4244: '=': conversión de 'int' a 'float'; posible pérdida de datos
c:\users\administrador\desktop\desjv1-pongv2_noya\pongv2\source.cpp(76): warning C4244: '=': conversión de 'int' a 'float'; posible pérdida de datos
c:\users\administrador\desktop\desjv1-pongv2_noya\pongv2\source.cpp(77): warning C4244: '=': conversión de 'int' a 'float'; posible pérdida de datos
c:\users\administrador\desktop\desjv1-pongv2_noya\pongv2\source.cpp(225): warning C4244: '=': conversión de 'int' a 'float'; posible pérdida de datos
c:\users\administrador\desktop\desjv1-pongv2_noya\pongv2\source.cpp(230): warning C4244: '=': conversión de 'int' a 'float'; posible pérdida de datos
c:\users\administrador\desktop\desjv1-pongv2_noya\pongv2\source.cpp(259): warning C4244: '=': conversión de 'int' a 'float'; posible pérdida de datos
c:\users\administrador\desktop\desjv1-pongv2_noya\pongv2\source.cpp(260): warning C4244: '=': conversión de 'int' a 'float'; posible pérdida de datos
c:\users\administrador\desktop\desjv1-pongv2_noya\pongv2\source.cpp(261): warning C4244: '=': conversión de 'int' a 'float'; posible pérdida de datos
c:\users\administrador\desktop\desjv1-pongv2_noya\pongv2\source.cpp(262): warning C4244: '=': conversión de 'int' a 'float'; posible pérdida de datos
c:\users\administrador\desktop\desjv1-pongv2_noya\pongv2\source.cpp(337): warning C4244: 'función': conversión de 'float' a 'int'; posible pérdida de datos
c:\users\administrador\desktop\desjv1-pongv2_noya\pongv2\source.cpp(339): warning C4244: 'función': conversión de 'float' a 'int'; posible pérdida de datos
c:\users\administrador\desktop\desjv1-pongv2_noya\pongv2\source.cpp(340): warning C4244: 'función': conversión de 'float' a 'int'; posible pérdida de datos
c:\users\administrador\desktop\desjv1-pongv2_noya\pongv2\source.cpp(344): warning C4244: 'función': conversión de 'int' a 'float'; posible pérdida de datos
c:\users\administrador\desktop\desjv1-pongv2_noya\pongv2\source.cpp(351): warning C4244: 'función': conversión de 'int' a 'float'; posible pérdida de datos
c:\users\administrador\desktop\desjv1-pongv2_noya\pongv2\source.cpp(360): warning C4244: 'función': conversión de 'int' a 'float'; posible pérdida de datos
c:\users\administrador\desktop\desjv1-pongv2_noya\pongv2\source.cpp(367): warning C4244: 'función': conversión de 'int' a 'float'; posible pérdida de datos
c:\users\administrador\desktop\desjv1-pongv2_noya\pongv2\source.cpp(395): warning C4244: '=': conversión de 'int' a 'float'; posible pérdida de datos
c:\users\administrador\desktop\desjv1-pongv2_noya\pongv2\source.cpp(400): warning C4244: '=': conversión de 'int' a 'float'; posible pérdida de datos
c:\users\administrador\desktop\desjv1-pongv2_noya\pongv2\source.cpp(425): warning C4244: '=': conversión de 'int' a 'float'; posible pérdida de datos
c:\users\administrador\desktop\desjv1-pongv2_noya\pongv2\source.cpp(426): warning C4244: '=': conversión de 'int' a 'float'; posible pérdida de datos
c:\users\administrador\desktop\desjv1-pongv2_noya\pongv2\source.cpp(513): warning C4244: 'función': conversión de 'float' a 'int'; posible pérdida de datos
c:\users\administrador\desktop\desjv1-pongv2_noya\pongv2\source.cpp(515): warning C4244: 'función': conversión de 'float' a 'int'; posible pérdida de datos
c:\users\administrador\desktop\desjv1-pongv2_noya\pongv2\source.cpp(516): warning C4244: 'función': conversión de 'float' a 'int'; posible pérdida de datos
c:\users\administrador\desktop\desjv1-pongv2_noya\pongv2\source.cpp(519): warning C4244: 'función': conversión de 'int' a 'float'; posible pérdida de datos
c:\users\administrador\desktop\desjv1-pongv2_noya\pongv2\source.cpp(525): warning C4244: 'función': conversión de 'int' a 'float'; posible pérdida de datos
c:\users\administrador\desktop\desjv1-pongv2_noya\pongv2\source.cpp(105): warning C4101: 'color1': variable local sin referencia
c:\users\administrador\desktop\desjv1-pongv2_noya\pongv2\source.cpp(107): warning C4101: 'colorPelota': variable local sin referencia
c:\users\administrador\desktop\desjv1-pongv2_noya\pongv2\source.cpp(106): warning C4101: 'color2': variable local sin referencia
  PongV2.vcxproj -> C:\Users\Administrador\Desktop\DESJV1-PONGV2_Noya\Debug\PongV2.exe
